<?xml version="1.0" encoding="UTF-8"?>
<!-- Generated by org.testng.reporters.JUnitXMLReporter -->
<testsuite hostname="LAPTOP-NQCH80LM" ignored="0" name="Test" tests="3" failures="1" timestamp="2020-09-02T14:45:07 NZST" time="53.72" errors="0">
  <testcase name="Homepage" time="7.244" classname="Project.E2EFramework.HomePage"/>
  <testcase name="Homepage" time="11.894" classname="Project.E2EFramework.ValidateName">
    <failure type="java.lang.AssertionError" message="expected [SYED YOUSUFUDDIN] but found [ADNAN SYED
0212367801]">
      <![CDATA[java.lang.AssertionError: expected [SYED YOUSUFUDDIN] but found [ADNAN SYED
0212367801]
at Project.E2EFramework.ValidateName.Homepage(ValidateName.java:42)
at java.util.ArrayList.forEach(Unknown Source)
... Removed 33 stack frames]]>
    </failure>
  </testcase> <!-- Homepage -->
  <testcase name="Homepage" time="0.077" classname="Project.E2EFramework.ValidateDeal"/>
</testsuite> <!-- Test -->
