<?xml version="1.0" encoding="UTF-8"?>
<testng-results skipped="0" failed="2" ignored="0" total="5" passed="3">
  <reporter-output>
  </reporter-output>
  <suite name="Suite" duration-ms="65949" started-at="2020-09-11T20:21:03 NZST" finished-at="2020-09-11T20:22:09 NZST">
    <groups>
    </groups>
    <test name="Validate Name" duration-ms="24580" started-at="2020-09-11T20:21:03 NZST" finished-at="2020-09-11T20:21:27 NZST">
      <class name="Project.E2EFramework.ValidateName">
        <test-method status="PASS" signature="preRequsites()[pri:0, instance:Project.E2EFramework.ValidateName@536f2a7e]" name="preRequsites" is-config="true" duration-ms="22169" started-at="2020-09-11T20:21:03 NZST" finished-at="2020-09-11T20:21:25 NZST">
          <reporter-output>
          </reporter-output>
        </test-method> <!-- preRequsites -->
        <test-method status="FAIL" signature="ValidateName()[pri:0, instance:Project.E2EFramework.ValidateName@536f2a7e]" name="ValidateName" duration-ms="445" started-at="2020-09-11T20:21:25 NZST" finished-at="2020-09-11T20:21:25 NZST">
          <exception class="java.lang.AssertionError">
            <message>
              <![CDATA[expected [Prepaid Plans] but found [Broadband Plans]]]>
            </message>
            <full-stacktrace>
              <![CDATA[java.lang.AssertionError: expected [Prepaid Plans] but found [Broadband Plans]
at org.testng.Assert.fail(Assert.java:99)
at org.testng.Assert.failNotEquals(Assert.java:1037)
at org.testng.Assert.assertEqualsImpl(Assert.java:140)
at org.testng.Assert.assertEquals(Assert.java:122)
at org.testng.Assert.assertEquals(Assert.java:629)
at org.testng.Assert.assertEquals(Assert.java:639)
at Project.E2EFramework.ValidateName.ValidateName(ValidateName.java:40)
at sun.reflect.NativeMethodAccessorImpl.invoke0(Native Method)
at sun.reflect.NativeMethodAccessorImpl.invoke(NativeMethodAccessorImpl.java:62)
at sun.reflect.DelegatingMethodAccessorImpl.invoke(DelegatingMethodAccessorImpl.java:43)
at java.lang.reflect.Method.invoke(Method.java:498)
at org.testng.internal.MethodInvocationHelper.invokeMethod(MethodInvocationHelper.java:132)
at org.testng.internal.TestInvoker.invokeMethod(TestInvoker.java:599)
at org.testng.internal.TestInvoker.invokeTestMethod(TestInvoker.java:174)
at org.testng.internal.MethodRunner.runInSequence(MethodRunner.java:46)
at org.testng.internal.TestInvoker$MethodInvocationAgent.invoke(TestInvoker.java:822)
at org.testng.internal.TestInvoker.invokeTestMethods(TestInvoker.java:147)
at org.testng.internal.TestMethodWorker.invokeTestMethods(TestMethodWorker.java:146)
at org.testng.internal.TestMethodWorker.run(TestMethodWorker.java:128)
at java.util.ArrayList.forEach(ArrayList.java:1257)
at org.testng.TestRunner.privateRun(TestRunner.java:764)
at org.testng.TestRunner.run(TestRunner.java:585)
at org.testng.SuiteRunner.runTest(SuiteRunner.java:384)
at org.testng.SuiteRunner.access$000(SuiteRunner.java:28)
at org.testng.SuiteRunner$SuiteWorker.run(SuiteRunner.java:425)
at org.testng.internal.thread.ThreadUtil.lambda$execute$0(ThreadUtil.java:66)
at java.util.concurrent.FutureTask.run(FutureTask.java:266)
at java.util.concurrent.ThreadPoolExecutor.runWorker(ThreadPoolExecutor.java:1149)
at java.util.concurrent.ThreadPoolExecutor$Worker.run(ThreadPoolExecutor.java:624)
at java.lang.Thread.run(Thread.java:748)
]]>
            </full-stacktrace>
          </exception> <!-- java.lang.AssertionError -->
          <reporter-output>
          </reporter-output>
        </test-method> <!-- ValidateName -->
        <test-method status="PASS" signature="finalStep()[pri:0, instance:Project.E2EFramework.ValidateName@536f2a7e]" name="finalStep" is-config="true" duration-ms="1089" started-at="2020-09-11T20:21:26 NZST" finished-at="2020-09-11T20:21:27 NZST">
          <reporter-output>
          </reporter-output>
        </test-method> <!-- finalStep -->
      </class> <!-- Project.E2EFramework.ValidateName -->
    </test> <!-- Validate Name -->
    <test name="Validate Deals" duration-ms="26941" started-at="2020-09-11T20:21:03 NZST" finished-at="2020-09-11T20:21:30 NZST">
      <class name="Project.E2EFramework.ValidateDeal">
        <test-method status="PASS" signature="preRequsites()[pri:0, instance:Project.E2EFramework.ValidateDeal@65987993]" name="preRequsites" is-config="true" duration-ms="23028" started-at="2020-09-11T20:21:03 NZST" finished-at="2020-09-11T20:21:26 NZST">
          <reporter-output>
          </reporter-output>
        </test-method> <!-- preRequsites -->
        <test-method status="PASS" signature="Homepage()[pri:0, instance:Project.E2EFramework.ValidateDeal@65987993]" name="Homepage" duration-ms="1070" started-at="2020-09-11T20:21:26 NZST" finished-at="2020-09-11T20:21:27 NZST">
          <reporter-output>
          </reporter-output>
        </test-method> <!-- Homepage -->
        <test-method status="PASS" signature="finalStep()[pri:0, instance:Project.E2EFramework.ValidateDeal@65987993]" name="finalStep" is-config="true" duration-ms="2833" started-at="2020-09-11T20:21:27 NZST" finished-at="2020-09-11T20:21:30 NZST">
          <reporter-output>
          </reporter-output>
        </test-method> <!-- finalStep -->
      </class> <!-- Project.E2EFramework.ValidateDeal -->
    </test> <!-- Validate Deals -->
    <test name="Validating Homepage user login" duration-ms="65949" started-at="2020-09-11T20:21:03 NZST" finished-at="2020-09-11T20:22:09 NZST">
      <class name="Project.E2EFramework.HomePage">
        <test-method status="PASS" signature="preRequsites()[pri:0, instance:Project.E2EFramework.HomePage@1033576a]" name="preRequsites" is-config="true" duration-ms="8688" started-at="2020-09-11T20:21:03 NZST" finished-at="2020-09-11T20:21:11 NZST">
          <reporter-output>
          </reporter-output>
        </test-method> <!-- preRequsites -->
        <test-method status="PASS" signature="Homepage(java.lang.String, java.lang.String, java.lang.String)[pri:0, instance:Project.E2EFramework.HomePage@1033576a]" name="Homepage" duration-ms="36410" started-at="2020-09-11T20:21:11 NZST" data-provider="getData" finished-at="2020-09-11T20:21:48 NZST">
          <params>
            <param index="0">
              <value>
                <![CDATA[restricteduser@gmail.com]]>
              </value>
            </param>
            <param index="1">
              <value>
                <![CDATA[Bissmillah1]]>
              </value>
            </param>
            <param index="2">
              <value>
                <![CDATA[Restricted User]]>
              </value>
            </param>
          </params>
          <reporter-output>
          </reporter-output>
        </test-method> <!-- Homepage -->
        <test-method status="PASS" signature="Homepage(java.lang.String, java.lang.String, java.lang.String)[pri:0, instance:Project.E2EFramework.HomePage@1033576a]" name="Homepage" duration-ms="18617" started-at="2020-09-11T20:21:48 NZST" data-provider="getData" finished-at="2020-09-11T20:22:06 NZST">
          <params>
            <param index="0">
              <value>
                <![CDATA[nonrestricteduser@gmail.com]]>
              </value>
            </param>
            <param index="1">
              <value>
                <![CDATA[Bissmillah1]]>
              </value>
            </param>
            <param index="2">
              <value>
                <![CDATA[Non Restricted User]]>
              </value>
            </param>
          </params>
          <reporter-output>
          </reporter-output>
        </test-method> <!-- Homepage -->
        <test-method status="FAIL" signature="ValidateSocials()[pri:0, instance:Project.E2EFramework.HomePage@1033576a]" name="ValidateSocials" duration-ms="107" started-at="2020-09-11T20:22:06 NZST" finished-at="2020-09-11T20:22:07 NZST">
          <exception class="java.lang.AssertionError">
            <message>
              <![CDATA[expected [twitter] but found [Twitter]]]>
            </message>
            <full-stacktrace>
              <![CDATA[java.lang.AssertionError: expected [twitter] but found [Twitter]
at org.testng.Assert.fail(Assert.java:99)
at org.testng.Assert.failNotEquals(Assert.java:1037)
at org.testng.Assert.assertEqualsImpl(Assert.java:140)
at org.testng.Assert.assertEquals(Assert.java:122)
at org.testng.Assert.assertEquals(Assert.java:629)
at org.testng.Assert.assertEquals(Assert.java:639)
at Project.E2EFramework.HomePage.ValidateSocials(HomePage.java:66)
at sun.reflect.NativeMethodAccessorImpl.invoke0(Native Method)
at sun.reflect.NativeMethodAccessorImpl.invoke(NativeMethodAccessorImpl.java:62)
at sun.reflect.DelegatingMethodAccessorImpl.invoke(DelegatingMethodAccessorImpl.java:43)
at java.lang.reflect.Method.invoke(Method.java:498)
at org.testng.internal.MethodInvocationHelper.invokeMethod(MethodInvocationHelper.java:132)
at org.testng.internal.TestInvoker.invokeMethod(TestInvoker.java:599)
at org.testng.internal.TestInvoker.invokeTestMethod(TestInvoker.java:174)
at org.testng.internal.MethodRunner.runInSequence(MethodRunner.java:46)
at org.testng.internal.TestInvoker$MethodInvocationAgent.invoke(TestInvoker.java:822)
at org.testng.internal.TestInvoker.invokeTestMethods(TestInvoker.java:147)
at org.testng.internal.TestMethodWorker.invokeTestMethods(TestMethodWorker.java:146)
at org.testng.internal.TestMethodWorker.run(TestMethodWorker.java:128)
at java.util.ArrayList.forEach(ArrayList.java:1257)
at org.testng.TestRunner.privateRun(TestRunner.java:764)
at org.testng.TestRunner.run(TestRunner.java:585)
at org.testng.SuiteRunner.runTest(SuiteRunner.java:384)
at org.testng.SuiteRunner.access$000(SuiteRunner.java:28)
at org.testng.SuiteRunner$SuiteWorker.run(SuiteRunner.java:425)
at org.testng.internal.thread.ThreadUtil.lambda$execute$0(ThreadUtil.java:66)
at java.util.concurrent.FutureTask.run(FutureTask.java:266)
at java.util.concurrent.ThreadPoolExecutor.runWorker(ThreadPoolExecutor.java:1149)
at java.util.concurrent.ThreadPoolExecutor$Worker.run(ThreadPoolExecutor.java:624)
at java.lang.Thread.run(Thread.java:748)
]]>
            </full-stacktrace>
          </exception> <!-- java.lang.AssertionError -->
          <reporter-output>
          </reporter-output>
        </test-method> <!-- ValidateSocials -->
        <test-method status="PASS" signature="finalStep()[pri:0, instance:Project.E2EFramework.HomePage@1033576a]" name="finalStep" is-config="true" duration-ms="1245" started-at="2020-09-11T20:22:07 NZST" finished-at="2020-09-11T20:22:09 NZST">
          <reporter-output>
          </reporter-output>
        </test-method> <!-- finalStep -->
      </class> <!-- Project.E2EFramework.HomePage -->
    </test> <!-- Validating Homepage user login -->
  </suite> <!-- Suite -->
</testng-results>
